#
# A fatal error has been detected by the Java Runtime Environment:
#
#  SIGSEGV (0xb) at pc=0x00007f1260360938, pid=4126, tid=139716174051072
#
# JRE version: 6.0_35-b35
# Java VM: OpenJDK 64-Bit Server VM (23.25-b01 mixed mode linux-amd64 compressed oops)
# Derivative: IcedTea6 1.13.7
# Distribution: Ubuntu 14.04 LTS, package 6b35-1.13.7-1ubuntu0.14.04.1
# Problematic frame:
# J  sun.awt.X11.XGlobalCursorManager.updateGrabbedCursor(Ljava/awt/Cursor;)V
#
# Failed to write core dump. Core dumps have been disabled. To enable core dumping, try "ulimit -c unlimited" before starting Java again
#
# If you would like to submit a bug report, please include
# instructions how to reproduce the bug and visit:
#   https://bugs.launchpad.net/ubuntu/+source/openjdk-6/
#

---------------  T H R E A D  ---------------

Current thread (0x00007f1264478800):  JavaThread "AWT-EventQueue-1" [_thread_in_Java, id=4152, stack(0x00007f1234dc7000,0x00007f1234ec8000)]

siginfo:si_signo=SIGSEGV: si_errno=0, si_code=1 (SEGV_MAPERR), si_addr=0x0000000000000008

Registers:
RAX=0x0000000000000000, RBX=0x00000000f0a25e98, RCX=0x00000000f0a0f4ef, RDX=0x00007f126017ce9a
RSP=0x00007f1234ec5400, RBP=0x00007f1234ec54b0, RSI=0x000000078504b9f0, RDI=0x000000078512f4c0
R8 =0x0000000000000000, R9 =0x00000000f0a25e98, R10=0x000000078507a778, R11=0x00000000fafaf74f
R12=0x0000000000000000, R13=0x00007f1234ec5458, R14=0x00007f1234ec5500, R15=0x00007f1264478800
RIP=0x00007f1260360938, EFLAGS=0x0000000000010246, CSGSFS=0x0000000000000033, ERR=0x0000000000000004
  TRAPNO=0x000000000000000e

Top of Stack: (sp=0x00007f1234ec5400)
0x00007f1234ec5400:   0000000785056350 00007f1234ec54b0
0x00007f1234ec5410:   00007f126017ce9a 000000000000003b
0x00007f1234ec5420:   0000000000000000 0000000000004000
0x00007f1234ec5430:   0000000000000000 00000007d8351630
0x00007f1234ec5440:   00007f1234ec54b0 00007f126017ce9a
0x00007f1234ec5450:   00007f126017ce9a 0000000785056350
0x00007f1234ec5460:   0000000000000031 0000000000000000
0x00007f1234ec5470:   00007f1234ec5460 000000077b669554
0x00007f1234ec5480:   00007f1234ec5500 000000077b66bf18
0x00007f1234ec5490:   000000077b86f010 000000077b6695c8
0x00007f1234ec54a0:   00007f1234ec5458 00007f1234ec54e8
0x00007f1234ec54b0:   00007f1234ec5558 00007f126017ce9a
0x00007f1234ec54c0:   0000000000000000 000000078508d138
0x00007f1234ec54d0:   000000078504b7e8 000000078504d100
0x00007f1234ec54e0:   0000000785056350 0000000000000000
0x00007f1234ec54f0:   0000000785056350 00000007d90e0048
0x00007f1234ec5500:   000000078508d138 0000000000000031
0x00007f1234ec5510:   0000000000000000 00007f1234ec5508
0x00007f1234ec5520:   000000077b66b3b5 00007f1234ec5590
0x00007f1234ec5530:   000000077b66bc18 000000077b852ea8
0x00007f1234ec5540:   000000077b66b430 00007f1234ec54e8
0x00007f1234ec5550:   00007f1234ec5588 00007f1234ec55e8
0x00007f1234ec5560:   00007f126017ce9a 00000007d90e0048
0x00007f1234ec5570:   00000007d90e0048 00000007d8351550
0x00007f1234ec5580:   00000007d8351568 0000000000000000
0x00007f1234ec5590:   000000078508d138 0000000000000031
0x00007f1234ec55a0:   0000000000000000 00007f1234ec5598
0x00007f1234ec55b0:   000000077b66aa6b 00007f1234ec5608
0x00007f1234ec55c0:   000000077b66bc18 000000077b853088
0x00007f1234ec55d0:   000000077b66aa88 00007f1234ec5588
0x00007f1234ec55e0:   00007f1234ec5608 00007f1234ec5650
0x00007f1234ec55f0:   00007f126017ce9a 0000000000000000 

Instructions: (pc=0x00007f1260360938)
0x00007f1260360918:   00 00 00 00 00 00 00 00 89 84 24 00 c0 fe ff 55
0x00007f1260360928:   48 83 ec 40 48 89 34 24 66 66 90 e8 88 d1 f8 ff
0x00007f1260360938:   44 8b 50 08 4f 8b 5c d4 68 49 b8 88 2e 62 7b 07
0x00007f1260360948:   00 00 00 4d 3b d8 0f 85 d0 02 00 00 41 81 fa e2 

Register to memory mapping:

RAX=0x0000000000000000 is an unknown value
RBX=0x00000000f0a25e98 is an unknown value
RCX=0x00000000f0a0f4ef is an unknown value
RDX=0x00007f126017ce9a is an Interpreter codelet
return entry points  [0x00007f126017c780, 0x00007f126017dd40]  5568 bytes
RSP=0x00007f1234ec5400 is pointing into the stack for thread: 0x00007f1264478800
RBP=0x00007f1234ec54b0 is pointing into the stack for thread: 0x00007f1264478800
RSI=0x000000078504b9f0 is an oop
sun.misc.Unsafe 
 - klass: 'sun/misc/Unsafe'
RDI=0x000000078512f4c0 is an oop
java.util.concurrent.locks.ReentrantLock$NonfairSync 
 - klass: 'java/util/concurrent/locks/ReentrantLock$NonfairSync'
R8 =0x0000000000000000 is an unknown value
R9 =0x00000000f0a25e98 is an unknown value
R10=0x000000078507a778 is an oop
java.awt.EventDispatchThread 
 - klass: 'java/awt/EventDispatchThread'
R11=0x00000000fafaf74f is an unknown value
R12=0x0000000000000000 is an unknown value
R13=0x00007f1234ec5458 is pointing into the stack for thread: 0x00007f1264478800
R14=0x00007f1234ec5500 is pointing into the stack for thread: 0x00007f1264478800
R15=0x00007f1264478800 is a thread


Stack: [0x00007f1234dc7000,0x00007f1234ec8000],  sp=0x00007f1234ec5400,  free space=1017k
Native frames: (J=compiled Java code, j=interpreted, Vv=VM code, C=native code)
J  sun.awt.X11.XGlobalCursorManager.updateGrabbedCursor(Ljava/awt/Cursor;)V
j  sun.awt.GlobalCursorManager._updateCursor(Z)V+141
j  sun.awt.GlobalCursorManager.updateCursorImmediately()V+27
j  sun.awt.X11.XComponentPeer.updateCursorImmediately()V+3
j  java.awt.Component.updateCursorImmediately()V+49
j  java.awt.LightweightDispatcher.dispatchEvent(Ljava/awt/AWTEvent;)Z+68
j  java.awt.Container.dispatchEventImpl(Ljava/awt/AWTEvent;)V+12
j  java.awt.Window.dispatchEventImpl(Ljava/awt/AWTEvent;)V+19
j  java.awt.Component.dispatchEvent(Ljava/awt/AWTEvent;)V+2
j  java.awt.EventQueue.dispatchEventImpl(Ljava/awt/AWTEvent;Ljava/lang/Object;)V+41
j  java.awt.EventQueue.access$400(Ljava/awt/EventQueue;Ljava/awt/AWTEvent;Ljava/lang/Object;)V+3
j  java.awt.EventQueue$2.run()Ljava/lang/Void;+12
j  java.awt.EventQueue$2.run()Ljava/lang/Object;+1
v  ~StubRoutines::call_stub
V  [libjvm.so+0x52fb49]  JavaCalls::call_helper(JavaValue*, methodHandle*, JavaCallArguments*, Thread*)+0x339
V  [libjvm.so+0x52f5e8]  JavaCalls::call(JavaValue*, methodHandle, JavaCallArguments*, Thread*)+0x28
V  [libjvm.so+0x56dbaf]  JVM_DoPrivileged+0x23f
J  java.security.AccessController.doPrivileged(Ljava/security/PrivilegedAction;Ljava/security/AccessControlContext;)Ljava/lang/Object;


---------------  P R O C E S S  ---------------

Java Threads: ( => current thread )
  0x00007f1200049000 JavaThread "Image Fetcher 0" daemon [_thread_blocked, id=4703, stack(0x00007f12348a6000,0x00007f12349a7000)]
  0x00007f120002e800 JavaThread "TimerQueue" daemon [_thread_blocked, id=4156, stack(0x00007f123458d000,0x00007f123468e000)]
  0x00007f1264009000 JavaThread "DestroyJavaVM" [_thread_blocked, id=4131, stack(0x00007f126a47c000,0x00007f126a57d000)]
=>0x00007f1264478800 JavaThread "AWT-EventQueue-1" [_thread_in_Java, id=4152, stack(0x00007f1234dc7000,0x00007f1234ec8000)]
  0x00007f1264477000 JavaThread "AWT-Shutdown" [_thread_blocked, id=4151, stack(0x00007f1234ec8000,0x00007f1234fc9000)]
  0x00007f12643a9800 JavaThread "AWT-XAWT" daemon [_thread_in_native, id=4150, stack(0x00007f1234fc9000,0x00007f12350ca000)]
  0x00007f12642a2000 JavaThread "Java2D Disposer" daemon [_thread_blocked, id=4149, stack(0x00007f1235580000,0x00007f1235681000)]
  0x00007f1264108000 JavaThread "Low Memory Detector" daemon [_thread_blocked, id=4146, stack(0x00007f123754e000,0x00007f123764f000)]
  0x00007f1264105800 JavaThread "C2 CompilerThread1" daemon [_thread_blocked, id=4145, stack(0x00007f123764f000,0x00007f1237750000)]
  0x00007f1264102800 JavaThread "C2 CompilerThread0" daemon [_thread_blocked, id=4144, stack(0x00007f1237750000,0x00007f1237851000)]
  0x00007f1264100800 JavaThread "Signal Dispatcher" daemon [_thread_blocked, id=4143, stack(0x00007f1237851000,0x00007f1237952000)]
  0x00007f12640ae000 JavaThread "Finalizer" daemon [_thread_blocked, id=4142, stack(0x00007f125c0ee000,0x00007f125c1ef000)]
  0x00007f12640ac000 JavaThread "Reference Handler" daemon [_thread_blocked, id=4141, stack(0x00007f125c1ef000,0x00007f125c2f0000)]

Other Threads:
  0x00007f126409d000 VMThread [stack: 0x00007f125c2f0000,0x00007f125c3f1000] [id=4140]
  0x00007f1264112800 WatcherThread [stack: 0x00007f123744d000,0x00007f123754e000] [id=4147]

VM state:not at safepoint (normal execution)

VM Mutex/Monitor currently owned by a thread: None

Heap
 PSYoungGen      total 33152K, used 23904K [0x00000007d7000000, 0x00000007d99c0000, 0x0000000800000000)
  eden space 29312K, 68% used [0x00000007d7000000,0x00000007d839c190,0x00000007d8ca0000)
  from space 3840K, 99% used [0x00000007d8de0000,0x00000007d919c010,0x00000007d91a0000)
  to   space 6720K, 0% used [0x00000007d9330000,0x00000007d9330000,0x00000007d99c0000)
 ParOldGen       total 83968K, used 5488K [0x0000000785000000, 0x000000078a200000, 0x00000007d7000000)
  object space 83968K, 6% used [0x0000000785000000,0x000000078555c310,0x000000078a200000)
 PSPermGen       total 21248K, used 15163K [0x000000077aa00000, 0x000000077bec0000, 0x0000000785000000)
  object space 21248K, 71% used [0x000000077aa00000,0x000000077b8ceec8,0x000000077bec0000)

Card table byte_map: [0x00007f125fd4b000,0x00007f1260177000] byte_map_base: 0x00007f125c176000

Polling page: 0x00007f126a59a000

Code Cache  [0x00007f1260177000, 0x00007f12603e7000, 0x00007f1263177000)
 total_blobs=1028 nmethods=554 adapters=426 free_code_cache=47199Kb largest_free_block=48282048

Compilation events (10 events):
Event: 204.456 Thread 0x00007f1264102800  559             javax.swing.plaf.basic.BasicButtonUI::layout (179 bytes)
Event: 204.462 Thread 0x00007f1264102800 nmethod 559 0x00007f1260341110 code [0x00007f12603412c0, 0x00007f12603418f8]
Event: 204.462 Thread 0x00007f1264102800  560             javax.swing.plaf.basic.BasicButtonUI::clearTextShiftOffset (6 bytes)
Event: 204.462 Thread 0x00007f1264102800 nmethod 560 0x00007f126033fdd0 code [0x00007f126033ff00, 0x00007f126033ff58]
Event: 204.472 Thread 0x00007f1264102800  561             javax.swing.AbstractButton::paintBorder (13 bytes)
Event: 204.473 Thread 0x00007f1264102800 nmethod 561 0x00007f12603436d0 code [0x00007f1260343820, 0x00007f12603438d8]
Event: 204.473 Thread 0x00007f1264102800  562             javax.swing.AbstractButton::isBorderPainted (5 bytes)
Event: 204.473 Thread 0x00007f1264102800 nmethod 562 0x00007f1260340f10 code [0x00007f1260341040, 0x00007f1260341098]
Event: 204.473 Thread 0x00007f1264102800  563             java.awt.image.VolatileImage::getGraphics (5 bytes)
Event: 204.479 Thread 0x00007f1264102800 nmethod 563 0x00007f1260340610 code [0x00007f12603407a0, 0x00007f1260340a90]

GC Heap History (10 events):
Event: 58.321 GC heap before
{Heap before GC invocations=3 (full 0):
 PSYoungGen      total 36736K, used 34244K [0x00000007d7000000, 0x00000007d9900000, 0x0000000800000000)
  eden space 31488K, 100% used [0x00000007d7000000,0x00000007d8ec0000,0x00000007d8ec0000)
  from space 5248K, 52% used [0x00000007d93e0000,0x00000007d9691040,0x00000007d9900000)
  to   space 5248K, 0% used [0x00000007d8ec0000,0x00000007d8ec0000,0x00000007d93e0000)
 ParOldGen       total 83968K, used 16K [0x0000000785000000, 0x000000078a200000, 0x00000007d7000000)
  object space 83968K, 0% used [0x0000000785000000,0x0000000785004000,0x000000078a200000)
 PSPermGen       total 21248K, used 14664K [0x000000077aa00000, 0x000000077bec0000, 0x0000000785000000)
  object space 21248K, 69% used [0x000000077aa00000,0x000000077b8521f8,0x000000077bec0000)
Event: 58.325 GC heap after
Heap after GC invocations=3 (full 0):
 PSYoungGen      total 36736K, used 3076K [0x00000007d7000000, 0x00000007d9900000, 0x0000000800000000)
  eden space 31488K, 0% used [0x00000007d7000000,0x00000007d7000000,0x00000007d8ec0000)
  from space 5248K, 58% used [0x00000007d8ec0000,0x00000007d91c1060,0x00000007d93e0000)
  to   space 5248K, 0% used [0x00000007d93e0000,0x00000007d93e0000,0x00000007d9900000)
 ParOldGen       total 83968K, used 24K [0x0000000785000000, 0x000000078a200000, 0x00000007d7000000)
  object space 83968K, 0% used [0x0000000785000000,0x0000000785006000,0x000000078a200000)
 PSPermGen       total 21248K, used 14664K [0x000000077aa00000, 0x000000077bec0000, 0x0000000785000000)
  object space 21248K, 69% used [0x000000077aa00000,0x000000077b8521f8,0x000000077bec0000)
}
Event: 103.579 GC heap before
{Heap before GC invocations=4 (full 0):
 PSYoungGen      total 36736K, used 34564K [0x00000007d7000000, 0x00000007d9900000, 0x0000000800000000)
  eden space 31488K, 100% used [0x00000007d7000000,0x00000007d8ec0000,0x00000007d8ec0000)
  from space 5248K, 58% used [0x00000007d8ec0000,0x00000007d91c1060,0x00000007d93e0000)
  to   space 5248K, 0% used [0x00000007d93e0000,0x00000007d93e0000,0x00000007d9900000)
 ParOldGen       total 83968K, used 24K [0x0000000785000000, 0x000000078a200000, 0x00000007d7000000)
  object space 83968K, 0% used [0x0000000785000000,0x0000000785006000,0x000000078a200000)
 PSPermGen       total 21248K, used 14915K [0x000000077aa00000, 0x000000077bec0000, 0x0000000785000000)
  object space 21248K, 70% used [0x000000077aa00000,0x000000077b890c40,0x000000077bec0000)
Event: 103.585 GC heap after
Heap after GC invocations=4 (full 0):
 PSYoungGen      total 36736K, used 3164K [0x00000007d7000000, 0x00000007d9900000, 0x0000000800000000)
  eden space 31488K, 0% used [0x00000007d7000000,0x00000007d7000000,0x00000007d8ec0000)
  from space 5248K, 60% used [0x00000007d93e0000,0x00000007d96f7070,0x00000007d9900000)
  to   space 5248K, 0% used [0x00000007d8ec0000,0x00000007d8ec0000,0x00000007d93e0000)
 ParOldGen       total 83968K, used 32K [0x0000000785000000, 0x000000078a200000, 0x00000007d7000000)
  object space 83968K, 0% used [0x0000000785000000,0x0000000785008000,0x000000078a200000)
 PSPermGen       total 21248K, used 14915K [0x000000077aa00000, 0x000000077bec0000, 0x0000000785000000)
  object space 21248K, 70% used [0x000000077aa00000,0x000000077b890c40,0x000000077bec0000)
}
Event: 139.368 GC heap before
{Heap before GC invocations=5 (full 0):
 PSYoungGen      total 36736K, used 34652K [0x00000007d7000000, 0x00000007d9900000, 0x0000000800000000)
  eden space 31488K, 100% used [0x00000007d7000000,0x00000007d8ec0000,0x00000007d8ec0000)
  from space 5248K, 60% used [0x00000007d93e0000,0x00000007d96f7070,0x00000007d9900000)
  to   space 5248K, 0% used [0x00000007d8ec0000,0x00000007d8ec0000,0x00000007d93e0000)
 ParOldGen       total 83968K, used 32K [0x0000000785000000, 0x000000078a200000, 0x00000007d7000000)
  object space 83968K, 0% used [0x0000000785000000,0x0000000785008000,0x000000078a200000)
 PSPermGen       total 21248K, used 15066K [0x000000077aa00000, 0x000000077bec0000, 0x0000000785000000)
  object space 21248K, 70% used [0x000000077aa00000,0x000000077b8b6bf8,0x000000077bec0000)
Event: 139.372 GC heap after
Heap after GC invocations=5 (full 0):
 PSYoungGen      total 34368K, used 3620K [0x00000007d7000000, 0x00000007d9560000, 0x0000000800000000)
  eden space 30720K, 0% used [0x00000007d7000000,0x00000007d7000000,0x00000007d8e00000)
  from space 3648K, 99% used [0x00000007d8ec0000,0x00000007d9249040,0x00000007d9250000)
  to   space 3136K, 0% used [0x00000007d9250000,0x00000007d9250000,0x00000007d9560000)
 ParOldGen       total 83968K, used 40K [0x0000000785000000, 0x000000078a200000, 0x00000007d7000000)
  object space 83968K, 0% used [0x0000000785000000,0x000000078500a000,0x000000078a200000)
 PSPermGen       total 21248K, used 15066K [0x000000077aa00000, 0x000000077bec0000, 0x0000000785000000)
  object space 21248K, 70% used [0x000000077aa00000,0x000000077b8b6bf8,0x000000077bec0000)
}
Event: 188.211 GC heap before
{Heap before GC invocations=6 (full 0):
 PSYoungGen      total 34368K, used 34340K [0x00000007d7000000, 0x00000007d9560000, 0x0000000800000000)
  eden space 30720K, 100% used [0x00000007d7000000,0x00000007d8e00000,0x00000007d8e00000)
  from space 3648K, 99% used [0x00000007d8ec0000,0x00000007d9249040,0x00000007d9250000)
  to   space 3136K, 0% used [0x00000007d9250000,0x00000007d9250000,0x00000007d9560000)
 ParOldGen       total 83968K, used 40K [0x0000000785000000, 0x000000078a200000, 0x00000007d7000000)
  object space 83968K, 0% used [0x0000000785000000,0x000000078500a020,0x000000078a200000)
 PSPermGen       total 21248K, used 15140K [0x000000077aa00000, 0x000000077bec0000, 0x0000000785000000)
  object space 21248K, 71% used [0x000000077aa00000,0x000000077b8c93d0,0x000000077bec0000)
Event: 188.215 GC heap after
Heap after GC invocations=6 (full 0):
 PSYoungGen      total 33152K, used 3130K [0x00000007d7000000, 0x00000007d9560000, 0x0000000800000000)
  eden space 30016K, 0% used [0x00000007d7000000,0x00000007d7000000,0x00000007d8d50000)
  from space 3136K, 99% used [0x00000007d9250000,0x00000007d955e840,0x00000007d9560000)
  to   space 3840K, 0% used [0x00000007d8de0000,0x00000007d8de0000,0x00000007d91a0000)
 ParOldGen       total 83968K, used 264K [0x0000000785000000, 0x000000078a200000, 0x00000007d7000000)
  object space 83968K, 0% used [0x0000000785000000,0x0000000785042300,0x000000078a200000)
 PSPermGen       total 21248K, used 15140K [0x000000077aa00000, 0x000000077bec0000, 0x0000000785000000)
  object space 21248K, 71% used [0x000000077aa00000,0x000000077b8c93d0,0x000000077bec0000)
}
Event: 193.396 GC heap before
{Heap before GC invocations=7 (full 0):
 PSYoungGen      total 33152K, used 33146K [0x00000007d7000000, 0x00000007d9560000, 0x0000000800000000)
  eden space 30016K, 100% used [0x00000007d7000000,0x00000007d8d50000,0x00000007d8d50000)
  from space 3136K, 99% used [0x00000007d9250000,0x00000007d955e840,0x00000007d9560000)
  to   space 3840K, 0% used [0x00000007d8de0000,0x00000007d8de0000,0x00000007d91a0000)
 ParOldGen       total 83968K, used 285K [0x0000000785000000, 0x000000078a200000, 0x00000007d7000000)
  object space 83968K, 0% used [0x0000000785000000,0x00000007850476a0,0x000000078a200000)
 PSPermGen       total 21248K, used 15156K [0x000000077aa00000, 0x000000077bec0000, 0x0000000785000000)
  object space 21248K, 71% used [0x000000077aa00000,0x000000077b8cd188,0x000000077bec0000)
Event: 193.407 GC heap after
Heap after GC invocations=7 (full 0):
 PSYoungGen      total 33152K, used 3824K [0x00000007d7000000, 0x00000007d99c0000, 0x0000000800000000)
  eden space 29312K, 0% used [0x00000007d7000000,0x00000007d7000000,0x00000007d8ca0000)
  from space 3840K, 99% used [0x00000007d8de0000,0x00000007d919c010,0x00000007d91a0000)
  to   space 6720K, 0% used [0x00000007d9330000,0x00000007d9330000,0x00000007d99c0000)
 ParOldGen       total 83968K, used 5488K [0x0000000785000000, 0x000000078a200000, 0x00000007d7000000)
  object space 83968K, 6% used [0x0000000785000000,0x000000078555c310,0x000000078a200000)
 PSPermGen       total 21248K, used 15156K [0x000000077aa00000, 0x000000077bec0000, 0x0000000785000000)
  object space 21248K, 71% used [0x000000077aa00000,0x000000077b8cd188,0x000000077bec0000)
}

Deoptimization events (10 events):
Event: 46.411 Thread 0x00007f1264478800 Uncommon trap -83 fr.pc 0x00007f126026d334
Event: 46.412 Thread 0x00007f1264478800 Uncommon trap -83 fr.pc 0x00007f12602561d8
Event: 106.403 Thread 0x00007f1264478800 Uncommon trap -83 fr.pc 0x00007f126027f2e0
Event: 119.628 Thread 0x00007f1264478800 Uncommon trap -12 fr.pc 0x00007f126029c3b0
Event: 130.887 Thread 0x00007f1264478800 Uncommon trap -83 fr.pc 0x00007f1260269560
Event: 188.427 Thread 0x00007f1264478800 Uncommon trap -34 fr.pc 0x00007f126031cda0
Event: 188.428 Thread 0x00007f1264478800 Uncommon trap -34 fr.pc 0x00007f126031cda0
Event: 193.110 Thread 0x00007f1264478800 Uncommon trap -83 fr.pc 0x00007f1260320b48
Event: 200.882 Thread 0x00007f1264478800 Uncommon trap -34 fr.pc 0x00007f126031cda0
Event: 200.883 Thread 0x00007f1264478800 Uncommon trap -34 fr.pc 0x00007f126031cda0

Internal exceptions (10 events):
Event: 106.486 Thread 0x00007f1264478800 Threw 0x00000007d75653b0 at /build/buildd/openjdk-6-6b35-1.13.7/build/openjdk/hotspot/src/share/vm/prims/jni.cpp:742
Event: 119.628 Thread 0x00007f1264478800 Implicit null exception at 0x00007f126029bef0 to 0x00007f126029c3a5
Event: 125.654 Thread 0x00007f1264478800 Threw 0x00000007d840df68 at /build/buildd/openjdk-6-6b35-1.13.7/build/openjdk/hotspot/src/share/vm/prims/jni.cpp:742
Event: 130.887 Thread 0x00007f1264478800 Implicit null exception at 0x00007f12602693f3 to 0x00007f1260269549
Event: 139.234 Thread 0x00007f1200059000 Threw 0x00000007d8b4d088 at /build/buildd/openjdk-6-6b35-1.13.7/build/openjdk/hotspot/src/share/vm/prims/jvm.cpp:2994
Event: 139.234 Thread 0x00007f1200055000 Threw 0x00000007d8b74668 at /build/buildd/openjdk-6-6b35-1.13.7/build/openjdk/hotspot/src/share/vm/prims/jvm.cpp:2994
Event: 188.498 Thread 0x00007f1264478800 Threw 0x00000007d7037898 at /build/buildd/openjdk-6-6b35-1.13.7/build/openjdk/hotspot/src/share/vm/prims/jni.cpp:742
Event: 193.110 Thread 0x00007f1264478800 Implicit null exception at 0x00007f1260320a08 to 0x00007f1260320b3d
Event: 200.948 Thread 0x00007f1264478800 Threw 0x00000007d7d28758 at /build/buildd/openjdk-6-6b35-1.13.7/build/openjdk/hotspot/src/share/vm/prims/jni.cpp:742
Event: 204.486 Thread 0x00007f1264478800 Implicit null exception at 0x00007f1260360938 to 0x0000000000000000

Events (10 events):
Event: 200.868 Thread 0x00007f1200059000 Thread exited: 0x00007f1200059000
Event: 200.882 Thread 0x00007f1264478800 DEOPT PACKING pc=0x00007f126031cda0 sp=0x00007f1234ec5960
Event: 200.882 Thread 0x00007f1264478800 DEOPT UNPACKING pc=0x00007f12601b0145 sp=0x00007f1234ec5920 mode 2
Event: 200.883 Thread 0x00007f1264478800 DEOPT PACKING pc=0x00007f126031cda0 sp=0x00007f1234ec58d0
Event: 200.883 Thread 0x00007f1264478800 DEOPT UNPACKING pc=0x00007f12601b0145 sp=0x00007f1234ec5890 mode 2
Event: 200.884 Executing VM operation: BulkRevokeBias
Event: 200.885 Executing VM operation: BulkRevokeBias done
Event: 204.398 Thread 0x00007f1200049000 Thread added: 0x00007f1200049000
Event: 204.485 Executing VM operation: BulkRevokeBias
Event: 204.485 Executing VM operation: BulkRevokeBias done


Dynamic libraries:
00400000-00409000 r-xp 00000000 08:03 4853538                            /usr/lib/jvm/java-6-openjdk-amd64/jre/bin/java
00608000-00609000 r--p 00008000 08:03 4853538                            /usr/lib/jvm/java-6-openjdk-amd64/jre/bin/java
00609000-0060a000 rw-p 00009000 08:03 4853538                            /usr/lib/jvm/java-6-openjdk-amd64/jre/bin/java
00a2d000-00a4e000 rw-p 00000000 00:00 0                                  [heap]
77aa00000-77bec0000 rw-p 00000000 00:00 0 
77bec0000-785000000 rw-p 00000000 00:00 0 
785000000-78a200000 rw-p 00000000 00:00 0 
78a200000-7d7000000 rw-p 00000000 00:00 0 
7d7000000-7d99c0000 rw-p 00000000 00:00 0 
7d99c0000-800000000 rw-p 00000000 00:00 0 
7f11f0000000-7f11f0299000 rw-p 00000000 00:00 0 
7f11f0299000-7f11f4000000 ---p 00000000 00:00 0 
7f11f8000000-7f11f82f0000 rw-p 00000000 00:00 0 
7f11f82f0000-7f11fc000000 ---p 00000000 00:00 0 
7f11fc000000-7f11fc3ac000 rw-p 00000000 00:00 0 
7f11fc3ac000-7f1200000000 ---p 00000000 00:00 0 
7f1200000000-7f12002c2000 rw-p 00000000 00:00 0 
7f12002c2000-7f1204000000 ---p 00000000 00:00 0 
7f1204000000-7f120409b000 rw-p 00000000 00:00 0 
7f120409b000-7f1208000000 ---p 00000000 00:00 0 
7f1208000000-7f1208021000 rw-p 00000000 00:00 0 
7f1208021000-7f120c000000 ---p 00000000 00:00 0 
7f120c000000-7f120c021000 rw-p 00000000 00:00 0 
7f120c021000-7f1210000000 ---p 00000000 00:00 0 
7f1210000000-7f1210021000 rw-p 00000000 00:00 0 
7f1210021000-7f1214000000 ---p 00000000 00:00 0 
7f1214000000-7f1214021000 rw-p 00000000 00:00 0 
7f1214021000-7f1218000000 ---p 00000000 00:00 0 
7f1218000000-7f12196d4000 rw-p 00000000 00:00 0 
7f12196d4000-7f121c000000 ---p 00000000 00:00 0 
7f121c000000-7f121c021000 rw-p 00000000 00:00 0 
7f121c021000-7f1220000000 ---p 00000000 00:00 0 
7f1220000000-7f1220021000 rw-p 00000000 00:00 0 
7f1220021000-7f1224000000 ---p 00000000 00:00 0 
7f1224000000-7f12246d7000 rw-p 00000000 00:00 0 
7f12246d7000-7f1228000000 ---p 00000000 00:00 0 
7f1228000000-7f1228021000 rw-p 00000000 00:00 0 
7f1228021000-7f122c000000 ---p 00000000 00:00 0 
7f122c000000-7f122c021000 rw-p 00000000 00:00 0 
7f122c021000-7f1230000000 ---p 00000000 00:00 0 
7f1230000000-7f1230121000 rw-p 00000000 00:00 0 
7f1230121000-7f1234000000 ---p 00000000 00:00 0 
7f123438b000-7f123438e000 ---p 00000000 00:00 0 
7f123438e000-7f123448c000 rw-p 00000000 00:00 0 
7f123448c000-7f123448f000 ---p 00000000 00:00 0 
7f123448f000-7f123458d000 rw-p 00000000 00:00 0 
7f123458d000-7f1234590000 ---p 00000000 00:00 0 
7f1234590000-7f123468e000 rw-p 00000000 00:00 0                          [stack:4156]
7f12348a6000-7f12348a9000 ---p 00000000 00:00 0 
7f12348a9000-7f12349a7000 rw-p 00000000 00:00 0                          [stack:4703]
7f12349a7000-7f12349af000 r-xp 00000000 08:03 4854846                    /usr/lib/jvm/java-6-openjdk-amd64/jre/lib/amd64/libnio.so
7f12349af000-7f1234bae000 ---p 00008000 08:03 4854846                    /usr/lib/jvm/java-6-openjdk-amd64/jre/lib/amd64/libnio.so
7f1234bae000-7f1234baf000 r--p 00007000 08:03 4854846                    /usr/lib/jvm/java-6-openjdk-amd64/jre/lib/amd64/libnio.so
7f1234baf000-7f1234bb0000 rw-p 00008000 08:03 4854846                    /usr/lib/jvm/java-6-openjdk-amd64/jre/lib/amd64/libnio.so
7f1234bb0000-7f1234bc6000 r-xp 00000000 08:03 4854891                    /usr/lib/jvm/java-6-openjdk-amd64/jre/lib/amd64/libnet.so
7f1234bc6000-7f1234dc5000 ---p 00016000 08:03 4854891                    /usr/lib/jvm/java-6-openjdk-amd64/jre/lib/amd64/libnet.so
7f1234dc5000-7f1234dc6000 r--p 00015000 08:03 4854891                    /usr/lib/jvm/java-6-openjdk-amd64/jre/lib/amd64/libnet.so
7f1234dc6000-7f1234dc7000 rw-p 00016000 08:03 4854891                    /usr/lib/jvm/java-6-openjdk-amd64/jre/lib/amd64/libnet.so
7f1234dc7000-7f1234dca000 ---p 00000000 00:00 0 
7f1234dca000-7f1234ec8000 rw-p 00000000 00:00 0                          [stack:4152]
7f1234ec8000-7f1234ecb000 ---p 00000000 00:00 0 
7f1234ecb000-7f1234fc9000 rw-p 00000000 00:00 0                          [stack:4151]
7f1234fc9000-7f1234fcc000 ---p 00000000 00:00 0 
7f1234fcc000-7f12350ca000 rw-p 00000000 00:00 0                          [stack:4150]
7f12350ca000-7f12350d5000 r--s 00000000 08:03 6162500                    /var/cache/fontconfig/945677eb7aeaf62f1d50efc3fb3ec7d8-le64.cache-4
7f12350d5000-7f12350db000 r--s 00000000 08:03 6162482                    /var/cache/fontconfig/2cd17615ca594fa2959ae173292e504c-le64.cache-4
7f12350db000-7f12350dc000 r--s 00000000 08:03 6162517                    /var/cache/fontconfig/e7071f4a29fa870f4323321c154eba04-le64.cache-4
7f12350dc000-7f12350dd000 r--s 00000000 08:03 6162478                    /var/cache/fontconfig/0d8c3b2ac0904cb8a57a757ad11a4a08-le64.cache-4
7f12350dd000-7f12350e4000 r--s 00000000 08:03 6162503                    /var/cache/fontconfig/a755afe4a08bf5b97852ceb7400b47bc-le64.cache-4
7f12350e4000-7f12350ed000 r--s 00000000 08:03 6160465                    /var/cache/fontconfig/6d41288fd70b0be22e8c3a91e032eec0-le64.cache-4
7f12350ed000-7f1235101000 r--s 00000000 08:03 6162472                    /var/cache/fontconfig/04aabc0a78ac019cf9454389977116d2-le64.cache-4
7f1235101000-7f1235102000 r--s 00000000 08:03 6162481                    /var/cache/fontconfig/1ac9eb803944fde146138c791f5cc56a-le64.cache-4
7f1235102000-7f1235106000 r--s 00000000 08:03 6162485                    /var/cache/fontconfig/385c0604a188198f04d133e54aba7fe7-le64.cache-4
7f1235106000-7f1235107000 r--s 00000000 08:03 6162514                    /var/cache/fontconfig/dc05db6664285cc2f12bf69c139ae4c3-le64.cache-4
7f1235107000-7f123510b000 r--s 00000000 08:03 6160409                    /var/cache/fontconfig/7b79abe4499501fcd4e4826394083a53-le64.cache-4
7f123510b000-7f123510e000 r--s 00000000 08:03 6160408                    /var/cache/fontconfig/3a9914ff62a69b32234685a84fdc926d-le64.cache-4
7f123510e000-7f1235110000 r--s 00000000 08:03 6162496                    /var/cache/fontconfig/767a8244fc0220cfb567a839d0392e0b-le64.cache-4
7f1235110000-7f1235111000 r--s 00000000 08:03 6160407                    /var/cache/fontconfig/0b41ebd278d9388cf5d83f81d476c672-le64.cache-4
7f1235111000-7f1235115000 r--s 00000000 08:03 6160406                    /var/cache/fontconfig/ea32c683f96734b73b6a7acf745d6442-le64.cache-4
7f1235115000-7f123511a000 r--s 00000000 08:03 6162499                    /var/cache/fontconfig/8801497958630a81b71ace7c5f9b32a8-le64.cache-4
7f1235157000-7f123515c000 r-xp 00000000 08:03 4202539                    /usr/lib/x86_64-linux-gnu/libXfixes.so.3.1.0
7f123515c000-7f123535b000 ---p 00005000 08:03 4202539                    /usr/lib/x86_64-linux-gnu/libXfixes.so.3.1.0
7f123535b000-7f123535c000 r--p 00004000 08:03 4202539                    /usr/lib/x86_64-linux-gnu/libXfixes.so.3.1.0
7f123535c000-7f123535d000 rw-p 00005000 08:03 4202539                    /usr/lib/x86_64-linux-gnu/libXfixes.so.3.1.0
7f123535d000-7f1235366000 r-xp 00000000 08:03 4202534                    /usr/lib/x86_64-linux-gnu/libXcursor.so.1.0.2
7f1235366000-7f1235565000 ---p 00009000 08:03 4202534                    /usr/lib/x86_64-linux-gnu/libXcursor.so.1.0.2
7f1235565000-7f1235566000 r--p 00008000 08:03 4202534                    /usr/lib/x86_64-linux-gnu/libXcursor.so.1.0.2
7f1235566000-7f1235567000 rw-p 00009000 08:03 4202534                    /usr/lib/x86_64-linux-gnu/libXcursor.so.1.0.2
7f123557f000-7f1235580000 rw-p 00000000 00:00 0 
7f1235580000-7f1235583000 ---p 00000000 00:00 0 
7f1235583000-7f1235681000 rw-p 00000000 00:00 0                          [stack:4149]
7f1235681000-7f12356a6000 r-xp 00000000 08:03 2101351                    /lib/x86_64-linux-gnu/libpng12.so.0.50.0
7f12356a6000-7f12358a5000 ---p 00025000 08:03 2101351                    /lib/x86_64-linux-gnu/libpng12.so.0.50.0
7f12358a5000-7f12358a6000 r--p 00024000 08:03 2101351                    /lib/x86_64-linux-gnu/libpng12.so.0.50.0
7f12358a6000-7f12358a7000 rw-p 00025000 08:03 2101351                    /lib/x86_64-linux-gnu/libpng12.so.0.50.0
7f12358a7000-7f1235944000 r-xp 00000000 08:03 4202809                    /usr/lib/x86_64-linux-gnu/libfreetype.so.6.11.1
7f1235944000-7f1235b43000 ---p 0009d000 08:03 4202809                    /usr/lib/x86_64-linux-gnu/libfreetype.so.6.11.1
7f1235b43000-7f1235b49000 r--p 0009c000 08:03 4202809                    /usr/lib/x86_64-linux-gnu/libfreetype.so.6.11.1
7f1235b49000-7f1235b4a000 rw-p 000a2000 08:03 4202809                    /usr/lib/x86_64-linux-gnu/libfreetype.so.6.11.1
7f1235b4a000-7f1235b99000 r-xp 00000000 08:03 4854890                    /usr/lib/jvm/java-6-openjdk-amd64/jre/lib/amd64/libfontmanager.so
7f1235b99000-7f1235d98000 ---p 0004f000 08:03 4854890                    /usr/lib/jvm/java-6-openjdk-amd64/jre/lib/amd64/libfontmanager.so
7f1235d98000-7f1235d9a000 r--p 0004e000 08:03 4854890                    /usr/lib/jvm/java-6-openjdk-amd64/jre/lib/amd64/libfontmanager.so
7f1235d9a000-7f1235d9b000 rw-p 00050000 08:03 4854890                    /usr/lib/jvm/java-6-openjdk-amd64/jre/lib/amd64/libfontmanager.so
7f1235d9b000-7f1235d9c000 rw-p 00000000 00:00 0 
7f1235d9c000-7f1235da1000 r-xp 00000000 08:03 4202538                    /usr/lib/x86_64-linux-gnu/libXdmcp.so.6.0.0
7f1235da1000-7f1235fa0000 ---p 00005000 08:03 4202538                    /usr/lib/x86_64-linux-gnu/libXdmcp.so.6.0.0
7f1235fa0000-7f1235fa1000 r--p 00004000 08:03 4202538                    /usr/lib/x86_64-linux-gnu/libXdmcp.so.6.0.0
7f1235fa1000-7f1235fa2000 rw-p 00005000 08:03 4202538                    /usr/lib/x86_64-linux-gnu/libXdmcp.so.6.0.0
7f1235fa2000-7f1235fa4000 r-xp 00000000 08:03 4202527                    /usr/lib/x86_64-linux-gnu/libXau.so.6.0.0
7f1235fa4000-7f12361a4000 ---p 00002000 08:03 4202527                    /usr/lib/x86_64-linux-gnu/libXau.so.6.0.0
7f12361a4000-7f12361a5000 r--p 00002000 08:03 4202527                    /usr/lib/x86_64-linux-gnu/libXau.so.6.0.0
7f12361a5000-7f12361a6000 rw-p 00003000 08:03 4202527                    /usr/lib/x86_64-linux-gnu/libXau.so.6.0.0
7f12361a6000-7f12361c3000 r-xp 00000000 08:03 4203519                    /usr/lib/x86_64-linux-gnu/libxcb.so.1.1.0
7f12361c3000-7f12363c3000 ---p 0001d000 08:03 4203519                    /usr/lib/x86_64-linux-gnu/libxcb.so.1.1.0
7f12363c3000-7f12363c4000 r--p 0001d000 08:03 4203519                    /usr/lib/x86_64-linux-gnu/libxcb.so.1.1.0
7f12363c4000-7f12363c5000 rw-p 0001e000 08:03 4203519                    /usr/lib/x86_64-linux-gnu/libxcb.so.1.1.0
7f12363c5000-7f12363d4000 r-xp 00000000 08:03 4202548                    /usr/lib/x86_64-linux-gnu/libXi.so.6.1.0
7f12363d4000-7f12365d3000 ---p 0000f000 08:03 4202548                    /usr/lib/x86_64-linux-gnu/libXi.so.6.1.0
7f12365d3000-7f12365d4000 r--p 0000e000 08:03 4202548                    /usr/lib/x86_64-linux-gnu/libXi.so.6.1.0
7f12365d4000-7f12365d5000 rw-p 0000f000 08:03 4202548                    /usr/lib/x86_64-linux-gnu/libXi.so.6.1.0
7f12365d5000-7f12365da000 r-xp 00000000 08:03 4202566                    /usr/lib/x86_64-linux-gnu/libXtst.so.6.1.0
7f12365da000-7f12367d9000 ---p 00005000 08:03 4202566                    /usr/lib/x86_64-linux-gnu/libXtst.so.6.1.0
7f12367d9000-7f12367da000 r--p 00004000 08:03 4202566                    /usr/lib/x86_64-linux-gnu/libXtst.so.6.1.0
7f12367da000-7f12367db000 rw-p 00005000 08:03 4202566                    /usr/lib/x86_64-linux-gnu/libXtst.so.6.1.0
7f12367db000-7f12367e4000 r-xp 00000000 08:03 4206706                    /usr/lib/x86_64-linux-gnu/libXrender.so.1.3.0
7f12367e4000-7f12369e3000 ---p 00009000 08:03 4206706                    /usr/lib/x86_64-linux-gnu/libXrender.so.1.3.0
7f12369e3000-7f12369e4000 r--p 00008000 08:03 4206706                    /usr/lib/x86_64-linux-gnu/libXrender.so.1.3.0
7f12369e4000-7f12369e5000 rw-p 00009000 08:03 4206706                    /usr/lib/x86_64-linux-gnu/libXrender.so.1.3.0
7f12369e5000-7f1236b15000 r-xp 00000000 08:03 4202523                    /usr/lib/x86_64-linux-gnu/libX11.so.6.3.0
7f1236b15000-7f1236d15000 ---p 00130000 08:03 4202523                    /usr/lib/x86_64-linux-gnu/libX11.so.6.3.0
7f1236d15000-7f1236d16000 r--p 00130000 08:03 4202523                    /usr/lib/x86_64-linux-gnu/libX11.so.6.3.0
7f1236d16000-7f1236d1a000 rw-p 00131000 08:03 4202523                    /usr/lib/x86_64-linux-gnu/libX11.so.6.3.0
7f1236d1a000-7f1236d2b000 r-xp 00000000 08:03 4202750                    /usr/lib/x86_64-linux-gnu/libXext.so.6.4.0
7f1236d2b000-7f1236f2a000 ---p 00011000 08:03 4202750                    /usr/lib/x86_64-linux-gnu/libXext.so.6.4.0
7f1236f2a000-7f1236f2b000 r--p 00010000 08:03 4202750                    /usr/lib/x86_64-linux-gnu/libXext.so.6.4.0
7f1236f2b000-7f1236f2c000 rw-p 00011000 08:03 4202750                    /usr/lib/x86_64-linux-gnu/libXext.so.6.4.0
7f1236f2c000-7f1236f77000 r-xp 00000000 08:03 4855316                    /usr/lib/jvm/java-6-openjdk-amd64/jre/lib/amd64/xawt/libmawt.so
7f1236f77000-7f1237177000 ---p 0004b000 08:03 4855316                    /usr/lib/jvm/java-6-openjdk-amd64/jre/lib/amd64/xawt/libmawt.so
7f1237177000-7f1237178000 r--p 0004b000 08:03 4855316                    /usr/lib/jvm/java-6-openjdk-amd64/jre/lib/amd64/xawt/libmawt.so
7f1237178000-7f123717b000 rw-p 0004c000 08:03 4855316                    /usr/lib/jvm/java-6-openjdk-amd64/jre/lib/amd64/xawt/libmawt.so
7f123717b000-7f123717c000 rw-p 00000000 00:00 0 
7f123717c000-7f123721c000 r-xp 00000000 08:03 4854889                    /usr/lib/jvm/java-6-openjdk-amd64/jre/lib/amd64/libawt.so
7f123721c000-7f123741c000 ---p 000a0000 08:03 4854889                    /usr/lib/jvm/java-6-openjdk-amd64/jre/lib/amd64/libawt.so
7f123741c000-7f123741d000 r--p 000a0000 08:03 4854889                    /usr/lib/jvm/java-6-openjdk-amd64/jre/lib/amd64/libawt.so
7f123741d000-7f1237428000 rw-p 000a1000 08:03 4854889                    /usr/lib/jvm/java-6-openjdk-amd64/jre/lib/amd64/libawt.so
7f1237428000-7f123744d000 rw-p 00000000 00:00 0 
7f123744d000-7f123744e000 ---p 00000000 00:00 0 
7f123744e000-7f123754e000 rw-p 00000000 00:00 0                          [stack:4147]
7f123754e000-7f1237551000 ---p 00000000 00:00 0 
7f1237551000-7f123764f000 rw-p 00000000 00:00 0                          [stack:4146]
7f123764f000-7f1237652000 ---p 00000000 00:00 0 
7f1237652000-7f1237750000 rw-p 00000000 00:00 0                          [stack:4145]
7f1237750000-7f1237753000 ---p 00000000 00:00 0 
7f1237753000-7f1237851000 rw-p 00000000 00:00 0                          [stack:4144]
7f1237851000-7f1237854000 ---p 00000000 00:00 0 
7f1237854000-7f1237952000 rw-p 00000000 00:00 0                          [stack:4143]
7f1237952000-7f1237d50000 r--p 00000000 08:03 4198632                    /usr/lib/locale/locale-archive
7f1237d50000-7f123c000000 rw-p 00000000 00:00 0 
7f123c000000-7f123c021000 rw-p 00000000 00:00 0 
7f123c021000-7f1240000000 ---p 00000000 00:00 0 
7f1240000000-7f1240021000 rw-p 00000000 00:00 0 
7f1240021000-7f1244000000 ---p 00000000 00:00 0 
7f1244000000-7f1244021000 rw-p 00000000 00:00 0 
7f1244021000-7f1248000000 ---p 00000000 00:00 0 
7f1248000000-7f1248021000 rw-p 00000000 00:00 0 
7f1248021000-7f124c000000 ---p 00000000 00:00 0 
7f124c000000-7f124c021000 rw-p 00000000 00:00 0 
7f124c021000-7f1250000000 ---p 00000000 00:00 0 
7f1250000000-7f1250021000 rw-p 00000000 00:00 0 
7f1250021000-7f1254000000 ---p 00000000 00:00 0 
7f1254000000-7f1254021000 rw-p 00000000 00:00 0 
7f1254021000-7f1258000000 ---p 00000000 00:00 0 
7f1258000000-7f1258021000 rw-p 00000000 00:00 0 
7f1258021000-7f125c000000 ---p 00000000 00:00 0 
7f125c000000-7f125c001000 r--s 00000000 08:03 6160405                    /var/cache/fontconfig/b036df7bbb72844893df6bcf5570ea7f-le64.cache-4
7f125c001000-7f125c002000 r--s 00000000 08:03 6160404                    /var/cache/fontconfig/575107dd7452b4b2b2b1361909925bb4-le64.cache-4
7f125c002000-7f125c009000 r--s 00000000 08:03 6162483                    /var/cache/fontconfig/3047814df9a2f067bd2d96a2b9c36e5a-le64.cache-4
7f125c009000-7f125c00a000 r--s 00000000 08:03 6162489                    /var/cache/fontconfig/56cf4f4769d0f4abc89a4895d7bd3ae1-le64.cache-4
7f125c00a000-7f125c00c000 r--s 00000000 08:03 6160403                    /var/cache/fontconfig/12888573d3e05bfbe41d0040af4efeaa-le64.cache-4
7f125c00c000-7f125c00d000 r--s 00000000 08:03 6162507                    /var/cache/fontconfig/b9d506c9ac06c20b433354fa67a72993-le64.cache-4
7f125c00d000-7f125c013000 r--s 00000000 08:03 6162506                    /var/cache/fontconfig/b47c4e1ecd0709278f4910c18777a504-le64.cache-4
7f125c013000-7f125c014000 r--s 00000000 08:03 6160402                    /var/cache/fontconfig/0b3f2427388044a01a5738fa4b8cc9d1-le64.cache-4
7f125c014000-7f125c015000 r--s 00000000 08:03 6160399                    /var/cache/fontconfig/0941b6d3777f1e64883d36fd6d84a52f-le64.cache-4
7f125c015000-7f125c028000 r--s 00000000 08:03 6162511                    /var/cache/fontconfig/d52a8644073d54c13679302ca1180695-le64.cache-4
7f125c028000-7f125c031000 r--s 00000000 08:03 6162487                    /var/cache/fontconfig/3f7329c5293ffd510edef78f73874cfd-le64.cache-4
7f125c031000-7f125c03c000 r--s 00000000 08:03 6160464                    /var/cache/fontconfig/d589a48862398ed80a3d6066f4f56f4c-le64.cache-4
7f125c03c000-7f125c03e000 r--s 00000000 08:03 6160396                    /var/cache/fontconfig/e8d703157d3641d20c7e900be2e8d091-le64.cache-4
7f125c03e000-7f125c043000 r--s 00000000 08:03 6162505                    /var/cache/fontconfig/b25010134a2e462c779c1c1d5ccbff7b-le64.cache-4
7f125c043000-7f125c045000 r--s 00000000 08:03 6160395                    /var/cache/fontconfig/6a6dfed4a7d1e4367ef225093de82110-le64.cache-4
7f125c045000-7f125c046000 r--s 00000000 08:03 6162477                    /var/cache/fontconfig/0c9eb80ebd1c36541ebe2852d3bb0c49-le64.cache-4
7f125c046000-7f125c047000 r--s 00000000 08:03 6160394                    /var/cache/fontconfig/0506017f1240826ed812c3e90c95875e-le64.cache-4
7f125c047000-7f125c054000 r--s 00000000 08:03 6160393                    /var/cache/fontconfig/e13b20fdb08344e0e664864cc2ede53d-le64.cache-4
7f125c054000-7f125c058000 r--s 00000000 08:03 6160463                    /var/cache/fontconfig/7ef2298fde41cc6eeb7af42e48b7d293-le64.cache-4
7f125c058000-7f125c063000 r--s 00000000 08:03 6162500                    /var/cache/fontconfig/945677eb7aeaf62f1d50efc3fb3ec7d8-le64.cache-4
7f125c063000-7f125c069000 r--s 00000000 08:03 6162482                    /var/cache/fontconfig/2cd17615ca594fa2959ae173292e504c-le64.cache-4
7f125c069000-7f125c06a000 r--s 00000000 08:03 6162517                    /var/cache/fontconfig/e7071f4a29fa870f4323321c154eba04-le64.cache-4
7f125c06a000-7f125c06b000 r--s 00000000 08:03 6162478                    /var/cache/fontconfig/0d8c3b2ac0904cb8a57a757ad11a4a08-le64.cache-4
7f125c06b000-7f125c072000 r--s 00000000 08:03 6162503                    /var/cache/fontconfig/a755afe4a08bf5b97852ceb7400b47bc-le64.cache-4
7f125c072000-7f125c07b000 r--s 00000000 08:03 6160465                    /var/cache/fontconfig/6d41288fd70b0be22e8c3a91e032eec0-le64.cache-4
7f125c07b000-7f125c08f000 r--s 00000000 08:03 6162472                    /var/cache/fontconfig/04aabc0a78ac019cf9454389977116d2-le64.cache-4
7f125c08f000-7f125c090000 r--s 00000000 08:03 6162481                    /var/cache/fontconfig/1ac9eb803944fde146138c791f5cc56a-le64.cache-4
7f125c090000-7f125c094000 r--s 00000000 08:03 6162485                    /var/cache/fontconfig/385c0604a188198f04d133e54aba7fe7-le64.cache-4
7f125c094000-7f125c095000 r--s 00000000 08:03 6162514                    /var/cache/fontconfig/dc05db6664285cc2f12bf69c139ae4c3-le64.cache-4
7f125c095000-7f125c099000 r--s 00000000 08:03 6160409                    /var/cache/fontconfig/7b79abe4499501fcd4e4826394083a53-le64.cache-4
7f125c099000-7f125c09c000 r--s 00000000 08:03 6160408                    /var/cache/fontconfig/3a9914ff62a69b32234685a84fdc926d-le64.cache-4
7f125c09c000-7f125c09e000 r--s 00000000 08:03 6162496                    /var/cache/fontconfig/767a8244fc0220cfb567a839d0392e0b-le64.cache-4
7f125c09e000-7f125c09f000 r--s 00000000 08:03 6160407                    /var/cache/fontconfig/0b41ebd278d9388cf5d83f81d476c672-le64.cache-4
7f125c09f000-7f125c0a3000 r--s 00000000 08:03 6160406                    /var/cache/fontconfig/ea32c683f96734b73b6a7acf745d6442-le64.cache-4
7f125c0a3000-7f125c0a8000 r--s 00000000 08:03 6162499                    /var/cache/fontconfig/8801497958630a81b71ace7c5f9b32a8-le64.cache-4
7f125c0a8000-7f125c0a9000 r--s 00000000 08:03 6160405                    /var/cache/fontconfig/b036df7bbb72844893df6bcf5570ea7f-le64.cache-4
7f125c0a9000-7f125c0aa000 r--s 00000000 08:03 6160404                    /var/cache/fontconfig/575107dd7452b4b2b2b1361909925bb4-le64.cache-4
7f125c0aa000-7f125c0b1000 r--s 00000000 08:03 6162483                    /var/cache/fontconfig/3047814df9a2f067bd2d96a2b9c36e5a-le64.cache-4
7f125c0b1000-7f125c0b2000 r--s 00000000 08:03 6162489                    /var/cache/fontconfig/56cf4f4769d0f4abc89a4895d7bd3ae1-le64.cache-4
7f125c0b2000-7f125c0b4000 r--s 00000000 08:03 6160403                    /var/cache/fontconfig/12888573d3e05bfbe41d0040af4efeaa-le64.cache-4
7f125c0b4000-7f125c0ba000 r--s 00000000 08:03 6162506                    /var/cache/fontconfig/b47c4e1ecd0709278f4910c18777a504-le64.cache-4
7f125c0ba000-7f125c0cd000 r--s 00000000 08:03 6162511                    /var/cache/fontconfig/d52a8644073d54c13679302ca1180695-le64.cache-4
7f125c0cd000-7f125c0d6000 r--s 00000000 08:03 6162487                    /var/cache/fontconfig/3f7329c5293ffd510edef78f73874cfd-le64.cache-4
7f125c0d6000-7f125c0e1000 r--s 00000000 08:03 6160464                    /var/cache/fontconfig/d589a48862398ed80a3d6066f4f56f4c-le64.cache-4
7f125c0e1000-7f125c0ee000 r--s 00000000 08:03 6160393                    /var/cache/fontconfig/e13b20fdb08344e0e664864cc2ede53d-le64.cache-4
7f125c0ee000-7f125c0f1000 ---p 00000000 00:00 0 
7f125c0f1000-7f125c1ef000 rw-p 00000000 00:00 0                          [stack:4142]
7f125c1ef000-7f125c1f2000 ---p 00000000 00:00 0 
7f125c1f2000-7f125c2f0000 rw-p 00000000 00:00 0                          [stack:4141]
7f125c2f0000-7f125c2f1000 ---p 00000000 00:00 0 
7f125c2f1000-7f125e048000 rw-p 00000000 00:00 0                          [stack:4140]
7f125e048000-7f125e1df000 r--s 01a25000 08:03 4854830                    /usr/lib/jvm/java-6-openjdk-amd64/jre/lib/rt.jar
7f125e1df000-7f125f2b3000 rw-p 00000000 00:00 0 
7f125f2b3000-7f125f2b4000 ---p 00000000 00:00 0 
7f125f2b4000-7f125f3b4000 rw-p 00000000 00:00 0                          [stack:4139]
7f125f3b4000-7f125f3b5000 ---p 00000000 00:00 0 
7f125f3b5000-7f125f4b5000 rw-p 00000000 00:00 0                          [stack:4138]
7f125f4b5000-7f125f4b6000 ---p 00000000 00:00 0 
7f125f4b6000-7f125f5b6000 rw-p 00000000 00:00 0                          [stack:4137]
7f125f5b6000-7f125f5b7000 ---p 00000000 00:00 0 
7f125f5b7000-7f125f6b7000 rw-p 00000000 00:00 0                          [stack:4136]
7f125f6b7000-7f125f6b8000 ---p 00000000 00:00 0 
7f125f6b8000-7f125f7b8000 rw-p 00000000 00:00 0                          [stack:4135]
7f125f7b8000-7f125f7b9000 ---p 00000000 00:00 0 
7f125f7b9000-7f125f8b9000 rw-p 00000000 00:00 0                          [stack:4134]
7f125f8b9000-7f125f8ba000 ---p 00000000 00:00 0 
7f125f8ba000-7f125f9ba000 rw-p 00000000 00:00 0                          [stack:4133]
7f125f9ba000-7f125f9bb000 ---p 00000000 00:00 0 
7f125f9bb000-7f125fae4000 rw-p 00000000 00:00 0                          [stack:4132]
7f125fae4000-7f125fd4b000 rw-p 00000000 00:00 0 
7f125fd4b000-7f125fd56000 rw-p 00000000 00:00 0 
7f125fd56000-7f125fd9e000 rw-p 00000000 00:00 0 
7f125fd9e000-7f125fdc7000 rw-p 00000000 00:00 0 
7f125fdc7000-7f126002e000 rw-p 00000000 00:00 0 
7f126002e000-7f1260043000 rw-p 00000000 00:00 0 
7f1260043000-7f1260176000 rw-p 00000000 00:00 0 
7f1260176000-7f1260177000 rw-p 00000000 00:00 0 
7f1260177000-7f12603e7000 rwxp 00000000 00:00 0 
7f12603e7000-7f1263177000 rw-p 00000000 00:00 0 
7f1263177000-7f126317e000 r-xp 00000000 08:03 4854901                    /usr/lib/jvm/java-6-openjdk-amd64/jre/lib/amd64/libzip.so
7f126317e000-7f126337d000 ---p 00007000 08:03 4854901                    /usr/lib/jvm/java-6-openjdk-amd64/jre/lib/amd64/libzip.so
7f126337d000-7f126337e000 r--p 00006000 08:03 4854901                    /usr/lib/jvm/java-6-openjdk-amd64/jre/lib/amd64/libzip.so
7f126337e000-7f126337f000 rw-p 00007000 08:03 4854901                    /usr/lib/jvm/java-6-openjdk-amd64/jre/lib/amd64/libzip.so
7f126337f000-7f126338a000 r-xp 00000000 08:03 2101311                    /lib/x86_64-linux-gnu/libnss_files-2.19.so
7f126338a000-7f1263589000 ---p 0000b000 08:03 2101311                    /lib/x86_64-linux-gnu/libnss_files-2.19.so
7f1263589000-7f126358a000 r--p 0000a000 08:03 2101311                    /lib/x86_64-linux-gnu/libnss_files-2.19.so
7f126358a000-7f126358b000 rw-p 0000b000 08:03 2101311                    /lib/x86_64-linux-gnu/libnss_files-2.19.so
7f126358b000-7f1263596000 r-xp 00000000 08:03 2101321                    /lib/x86_64-linux-gnu/libnss_nis-2.19.so
7f1263596000-7f1263795000 ---p 0000b000 08:03 2101321                    /lib/x86_64-linux-gnu/libnss_nis-2.19.so
7f1263795000-7f1263796000 r--p 0000a000 08:03 2101321                    /lib/x86_64-linux-gnu/libnss_nis-2.19.so
7f1263796000-7f1263797000 rw-p 0000b000 08:03 2101321                    /lib/x86_64-linux-gnu/libnss_nis-2.19.so
7f1263797000-7f12637ae000 r-xp 00000000 08:03 2101305                    /lib/x86_64-linux-gnu/libnsl-2.19.so
7f12637ae000-7f12639ad000 ---p 00017000 08:03 2101305                    /lib/x86_64-linux-gnu/libnsl-2.19.so
7f12639ad000-7f12639ae000 r--p 00016000 08:03 2101305                    /lib/x86_64-linux-gnu/libnsl-2.19.so
7f12639ae000-7f12639af000 rw-p 00017000 08:03 2101305                    /lib/x86_64-linux-gnu/libnsl-2.19.so
7f12639af000-7f12639b1000 rw-p 00000000 00:00 0 
7f12639b1000-7f12639ba000 r-xp 00000000 08:03 2101307                    /lib/x86_64-linux-gnu/libnss_compat-2.19.so
7f12639ba000-7f1263bb9000 ---p 00009000 08:03 2101307                    /lib/x86_64-linux-gnu/libnss_compat-2.19.so
7f1263bb9000-7f1263bba000 r--p 00008000 08:03 2101307                    /lib/x86_64-linux-gnu/libnss_compat-2.19.so
7f1263bba000-7f1263bbb000 rw-p 00009000 08:03 2101307                    /lib/x86_64-linux-gnu/libnss_compat-2.19.so
7f1263bbb000-7f1263beb000 r-xp 00000000 08:03 4854883                    /usr/lib/jvm/java-6-openjdk-amd64/jre/lib/amd64/libjava.so
7f1263beb000-7f1263dea000 ---p 00030000 08:03 4854883                    /usr/lib/jvm/java-6-openjdk-amd64/jre/lib/amd64/libjava.so
7f1263dea000-7f1263deb000 r--p 0002f000 08:03 4854883                    /usr/lib/jvm/java-6-openjdk-amd64/jre/lib/amd64/libjava.so
7f1263deb000-7f1263dee000 rw-p 00030000 08:03 4854883                    /usr/lib/jvm/java-6-openjdk-amd64/jre/lib/amd64/libjava.so
7f1263dee000-7f1263dfe000 r-xp 00000000 08:03 4854879                    /usr/lib/jvm/java-6-openjdk-amd64/jre/lib/amd64/libverify.so
7f1263dfe000-7f1263ffd000 ---p 00010000 08:03 4854879                    /usr/lib/jvm/java-6-openjdk-amd64/jre/lib/amd64/libverify.so
7f1263ffd000-7f1263fff000 r--p 0000f000 08:03 4854879                    /usr/lib/jvm/java-6-openjdk-amd64/jre/lib/amd64/libverify.so
7f1263fff000-7f1264000000 rw-p 00011000 08:03 4854879                    /usr/lib/jvm/java-6-openjdk-amd64/jre/lib/amd64/libverify.so
7f1264000000-7f12645df000 rw-p 00000000 00:00 0 
7f12645df000-7f1268000000 ---p 00000000 00:00 0 
7f1268000000-7f1268001000 r--s 00000000 08:03 6162507                    /var/cache/fontconfig/b9d506c9ac06c20b433354fa67a72993-le64.cache-4
7f1268001000-7f1268002000 r--s 00000000 08:03 6160402                    /var/cache/fontconfig/0b3f2427388044a01a5738fa4b8cc9d1-le64.cache-4
7f1268002000-7f126802e000 rw-p 00000000 00:00 0 
7f126802e000-7f1268076000 rw-p 00000000 00:00 0 
7f1268076000-7f126807d000 r-xp 00000000 08:03 2101364                    /lib/x86_64-linux-gnu/librt-2.19.so
7f126807d000-7f126827c000 ---p 00007000 08:03 2101364                    /lib/x86_64-linux-gnu/librt-2.19.so
7f126827c000-7f126827d000 r--p 00006000 08:03 2101364                    /lib/x86_64-linux-gnu/librt-2.19.so
7f126827d000-7f126827e000 rw-p 00007000 08:03 2101364                    /lib/x86_64-linux-gnu/librt-2.19.so
7f126827e000-7f1268294000 r-xp 00000000 08:03 2101263                    /lib/x86_64-linux-gnu/libgcc_s.so.1
7f1268294000-7f1268493000 ---p 00016000 08:03 2101263                    /lib/x86_64-linux-gnu/libgcc_s.so.1
7f1268493000-7f1268494000 rw-p 00015000 08:03 2101263                    /lib/x86_64-linux-gnu/libgcc_s.so.1
7f1268494000-7f1268599000 r-xp 00000000 08:03 2101286                    /lib/x86_64-linux-gnu/libm-2.19.so
7f1268599000-7f1268798000 ---p 00105000 08:03 2101286                    /lib/x86_64-linux-gnu/libm-2.19.so
7f1268798000-7f1268799000 r--p 00104000 08:03 2101286                    /lib/x86_64-linux-gnu/libm-2.19.so
7f1268799000-7f126879a000 rw-p 00105000 08:03 2101286                    /lib/x86_64-linux-gnu/libm-2.19.so
7f126879a000-7f1268880000 r-xp 00000000 08:03 4203381                    /usr/lib/x86_64-linux-gnu/libstdc++.so.6.0.19
7f1268880000-7f1268a7f000 ---p 000e6000 08:03 4203381                    /usr/lib/x86_64-linux-gnu/libstdc++.so.6.0.19
7f1268a7f000-7f1268a87000 r--p 000e5000 08:03 4203381                    /usr/lib/x86_64-linux-gnu/libstdc++.so.6.0.19
7f1268a87000-7f1268a89000 rw-p 000ed000 08:03 4203381                    /usr/lib/x86_64-linux-gnu/libstdc++.so.6.0.19
7f1268a89000-7f1268a9e000 rw-p 00000000 00:00 0 
7f1268a9e000-7f12694b0000 r-xp 00000000 08:03 4854873                    /usr/lib/jvm/java-6-openjdk-amd64/jre/lib/amd64/server/libjvm.so
7f12694b0000-7f12696af000 ---p 00a12000 08:03 4854873                    /usr/lib/jvm/java-6-openjdk-amd64/jre/lib/amd64/server/libjvm.so
7f12696af000-7f1269728000 r--p 00a11000 08:03 4854873                    /usr/lib/jvm/java-6-openjdk-amd64/jre/lib/amd64/server/libjvm.so
7f1269728000-7f126974b000 rw-p 00a8a000 08:03 4854873                    /usr/lib/jvm/java-6-openjdk-amd64/jre/lib/amd64/server/libjvm.so
7f126974b000-7f1269776000 rw-p 00000000 00:00 0 
7f1269776000-7f126978e000 r-xp 00000000 08:03 2101398                    /lib/x86_64-linux-gnu/libz.so.1.2.8
7f126978e000-7f126998d000 ---p 00018000 08:03 2101398                    /lib/x86_64-linux-gnu/libz.so.1.2.8
7f126998d000-7f126998e000 r--p 00017000 08:03 2101398                    /lib/x86_64-linux-gnu/libz.so.1.2.8
7f126998e000-7f126998f000 rw-p 00018000 08:03 2101398                    /lib/x86_64-linux-gnu/libz.so.1.2.8
7f126998f000-7f1269b4a000 r-xp 00000000 08:03 2101236                    /lib/x86_64-linux-gnu/libc-2.19.so
7f1269b4a000-7f1269d49000 ---p 001bb000 08:03 2101236                    /lib/x86_64-linux-gnu/libc-2.19.so
7f1269d49000-7f1269d4d000 r--p 001ba000 08:03 2101236                    /lib/x86_64-linux-gnu/libc-2.19.so
7f1269d4d000-7f1269d4f000 rw-p 001be000 08:03 2101236                    /lib/x86_64-linux-gnu/libc-2.19.so
7f1269d4f000-7f1269d54000 rw-p 00000000 00:00 0 
7f1269d54000-7f1269d57000 r-xp 00000000 08:03 2101253                    /lib/x86_64-linux-gnu/libdl-2.19.so
7f1269d57000-7f1269f56000 ---p 00003000 08:03 2101253                    /lib/x86_64-linux-gnu/libdl-2.19.so
7f1269f56000-7f1269f57000 r--p 00002000 08:03 2101253                    /lib/x86_64-linux-gnu/libdl-2.19.so
7f1269f57000-7f1269f58000 rw-p 00003000 08:03 2101253                    /lib/x86_64-linux-gnu/libdl-2.19.so
7f1269f58000-7f1269f5c000 r-xp 00000000 08:03 4854881                    /usr/lib/jvm/java-6-openjdk-amd64/jre/lib/amd64/jli/libjli.so
7f1269f5c000-7f126a15b000 ---p 00004000 08:03 4854881                    /usr/lib/jvm/java-6-openjdk-amd64/jre/lib/amd64/jli/libjli.so
7f126a15b000-7f126a15c000 r--p 00003000 08:03 4854881                    /usr/lib/jvm/java-6-openjdk-amd64/jre/lib/amd64/jli/libjli.so
7f126a15c000-7f126a15d000 rw-p 00004000 08:03 4854881                    /usr/lib/jvm/java-6-openjdk-amd64/jre/lib/amd64/jli/libjli.so
7f126a15d000-7f126a176000 r-xp 00000000 08:03 2101356                    /lib/x86_64-linux-gnu/libpthread-2.19.so
7f126a176000-7f126a375000 ---p 00019000 08:03 2101356                    /lib/x86_64-linux-gnu/libpthread-2.19.so
7f126a375000-7f126a376000 r--p 00018000 08:03 2101356                    /lib/x86_64-linux-gnu/libpthread-2.19.so
7f126a376000-7f126a377000 rw-p 00019000 08:03 2101356                    /lib/x86_64-linux-gnu/libpthread-2.19.so
7f126a377000-7f126a37b000 rw-p 00000000 00:00 0 
7f126a37b000-7f126a39e000 r-xp 00000000 08:03 2101212                    /lib/x86_64-linux-gnu/ld-2.19.so
7f126a39e000-7f126a39f000 r--s 00000000 08:03 6160399                    /var/cache/fontconfig/0941b6d3777f1e64883d36fd6d84a52f-le64.cache-4
7f126a39f000-7f126a3a1000 r--s 00000000 08:03 6160396                    /var/cache/fontconfig/e8d703157d3641d20c7e900be2e8d091-le64.cache-4
7f126a3a1000-7f126a3a6000 r--s 00000000 08:03 6162505                    /var/cache/fontconfig/b25010134a2e462c779c1c1d5ccbff7b-le64.cache-4
7f126a3a6000-7f126a3a8000 r--s 00000000 08:03 6160395                    /var/cache/fontconfig/6a6dfed4a7d1e4367ef225093de82110-le64.cache-4
7f126a3a8000-7f126a3a9000 r--s 00000000 08:03 6162477                    /var/cache/fontconfig/0c9eb80ebd1c36541ebe2852d3bb0c49-le64.cache-4
7f126a3a9000-7f126a3ad000 r--s 00000000 08:03 6160463                    /var/cache/fontconfig/7ef2298fde41cc6eeb7af42e48b7d293-le64.cache-4
7f126a3ad000-7f126a3b4000 r--s 00054000 08:03 4468562                    /usr/lib/jvm/java-6-openjdk-common/jre/lib/resources.jar
7f126a3b4000-7f126a3b8000 r--s 00041000 08:03 4468563                    /usr/lib/jvm/java-6-openjdk-common/jre/lib/jsse.jar
7f126a3b8000-7f126a3bc000 r--s 00031000 08:03 4595844                    /usr/lib/jvm/java-6-openjdk-common/jre/lib/ext/sunjce_provider.jar
7f126a3bc000-7f126a3c6000 rw-p 00000000 00:00 0 
7f126a3c6000-7f126a47c000 rw-p 00000000 00:00 0 
7f126a47c000-7f126a47f000 ---p 00000000 00:00 0 
7f126a47f000-7f126a582000 rw-p 00000000 00:00 0                          [stack:4131]
7f126a582000-7f126a583000 r--s 00000000 08:03 6160394                    /var/cache/fontconfig/0506017f1240826ed812c3e90c95875e-le64.cache-4
7f126a583000-7f126a584000 r--s 0000c000 08:02 39567                      /media/malditasea/Datos/Workspace/TP/PR5/commons-cli-1.3.jar
7f126a584000-7f126a587000 r--s 0000f000 08:03 4595842                    /usr/lib/jvm/java-6-openjdk-common/jre/lib/ext/pulse-java.jar
7f126a587000-7f126a589000 r--s 00001000 08:03 4595843                    /usr/lib/jvm/java-6-openjdk-common/jre/lib/ext/dnsns.jar
7f126a589000-7f126a58c000 r--s 0003a000 08:03 4595845                    /usr/lib/jvm/java-6-openjdk-common/jre/lib/ext/sunpkcs11.jar
7f126a58c000-7f126a58e000 r--s 00006000 08:03 4468255                    /usr/share/java/java-atk-wrapper.jar
7f126a58e000-7f126a591000 r--s 00078000 08:03 4595841                    /usr/lib/jvm/java-6-openjdk-common/jre/lib/ext/localedata.jar
7f126a591000-7f126a599000 rw-s 00000000 08:03 4065343                    /tmp/hsperfdata_malditasea/4126
7f126a599000-7f126a59a000 rw-p 00000000 00:00 0 
7f126a59a000-7f126a59b000 r--p 00000000 00:00 0 
7f126a59b000-7f126a59d000 rw-p 00000000 00:00 0 
7f126a59d000-7f126a59e000 r--p 00022000 08:03 2101212                    /lib/x86_64-linux-gnu/ld-2.19.so
7f126a59e000-7f126a59f000 rw-p 00023000 08:03 2101212                    /lib/x86_64-linux-gnu/ld-2.19.so
7f126a59f000-7f126a5a0000 rw-p 00000000 00:00 0 
7ffc7438e000-7ffc743af000 rw-p 00000000 00:00 0                          [stack]
7ffc743db000-7ffc743dd000 r-xp 00000000 00:00 0                          [vdso]
7ffc743dd000-7ffc743df000 r--p 00000000 00:00 0                          [vvar]
ffffffffff600000-ffffffffff601000 r-xp 00000000 00:00 0                  [vsyscall]

VM Arguments:
jvm_args: -Dfile.encoding=UTF-8 
java_command: tp.pr5.Main -g rv -u window
Launcher Type: SUN_STANDARD

Environment Variables:
PATH=/usr/local/sbin:/usr/local/bin:/usr/sbin:/usr/bin:/sbin:/bin:/usr/games:/usr/local/games
LD_LIBRARY_PATH=/usr/lib/jvm/java-6-openjdk-amd64/jre/lib/amd64/server:/usr/lib/jvm/java-6-openjdk-amd64/jre/lib/amd64:/usr/lib/jvm/java-6-openjdk-amd64/jre/../lib/amd64
SHELL=/bin/bash
DISPLAY=:0

Signal Handlers:
SIGSEGV: [libjvm.so+0x874dd0], sa_mask[0]=0x7ffbfeff, sa_flags=0x10000004
SIGBUS: [libjvm.so+0x874dd0], sa_mask[0]=0x7ffbfeff, sa_flags=0x10000004
SIGFPE: [libjvm.so+0x70b880], sa_mask[0]=0x7ffbfeff, sa_flags=0x10000004
SIGPIPE: [libjvm.so+0x70b880], sa_mask[0]=0x7ffbfeff, sa_flags=0x10000004
SIGXFSZ: [libjvm.so+0x70b880], sa_mask[0]=0x7ffbfeff, sa_flags=0x10000004
SIGILL: [libjvm.so+0x70b880], sa_mask[0]=0x7ffbfeff, sa_flags=0x10000004
SIGUSR1: SIG_DFL, sa_mask[0]=0x00000000, sa_flags=0x00000000
SIGUSR2: [libjvm.so+0x70b5b0], sa_mask[0]=0x00000004, sa_flags=0x10000004
SIGHUP: [libjvm.so+0x70b890], sa_mask[0]=0x7ffbfeff, sa_flags=0x10000004
SIGINT: [libjvm.so+0x70b890], sa_mask[0]=0x7ffbfeff, sa_flags=0x10000004
SIGTERM: [libjvm.so+0x70b890], sa_mask[0]=0x7ffbfeff, sa_flags=0x10000004
SIGQUIT: [libjvm.so+0x70b890], sa_mask[0]=0x7ffbfeff, sa_flags=0x10000004


---------------  S Y S T E M  ---------------

OS:"elementary OS" 0.3 (freya)
uname:Linux 3.16.0-38-generic #52~14.04.1-Ubuntu SMP Fri May 8 09:43:57 UTC 2015 x86_64
libc:glibc 2.19 NPTL 2.19 
rlimit: STACK 8192k, CORE 0k, NPROC 31363, NOFILE 4096, AS infinity
load average:0.80 0.66 0.70

/proc/meminfo:
MemTotal:        8059328 kB
MemFree:         2959496 kB
MemAvailable:    4109136 kB
Buffers:           89800 kB
Cached:          1925600 kB
SwapCached:            0 kB
Active:          3208580 kB
Inactive:        1611292 kB
Active(anon):    2825220 kB
Inactive(anon):   707292 kB
Active(file):     383360 kB
Inactive(file):   904000 kB
Unevictable:         132 kB
Mlocked:             132 kB
SwapTotal:             0 kB
SwapFree:              0 kB
Dirty:              4204 kB
Writeback:             0 kB
AnonPages:       2805276 kB
Mapped:           666776 kB
Shmem:            727768 kB
Slab:             104112 kB
SReclaimable:      62448 kB
SUnreclaim:        41664 kB
KernelStack:       10320 kB
PageTables:        54060 kB
NFS_Unstable:          0 kB
Bounce:                0 kB
WritebackTmp:          0 kB
CommitLimit:     4029664 kB
Committed_AS:    8159076 kB
VmallocTotal:   34359738367 kB
VmallocUsed:      415168 kB
VmallocChunk:   34359297532 kB
HardwareCorrupted:     0 kB
AnonHugePages:   1452032 kB
HugePages_Total:       0
HugePages_Free:        0
HugePages_Rsvd:        0
HugePages_Surp:        0
Hugepagesize:       2048 kB
DirectMap4k:      133084 kB
DirectMap2M:     8138752 kB


CPU:total 8 (4 cores per cpu, 2 threads per core) family 6 model 58 stepping 9, cmov, cx8, fxsr, mmx, sse, sse2, sse3, ssse3, sse4.1, sse4.2, popcnt, avx, ht, tsc, tscinvbit, tscinv

/proc/cpuinfo:
processor	: 0
vendor_id	: GenuineIntel
cpu family	: 6
model		: 58
model name	: Intel(R) Core(TM) i7-3610QM CPU @ 2.30GHz
stepping	: 9
microcode	: 0x12
cpu MHz		: 3099.968
cache size	: 6144 KB
physical id	: 0
siblings	: 8
core id		: 0
cpu cores	: 4
apicid		: 0
initial apicid	: 0
fpu		: yes
fpu_exception	: yes
cpuid level	: 13
wp		: yes
flags		: fpu vme de pse tsc msr pae mce cx8 apic sep mtrr pge mca cmov pat pse36 clflush dts acpi mmx fxsr sse sse2 ss ht tm pbe syscall nx rdtscp lm constant_tsc arch_perfmon pebs bts rep_good nopl xtopology nonstop_tsc aperfmperf eagerfpu pni pclmulqdq dtes64 monitor ds_cpl vmx est tm2 ssse3 cx16 xtpr pdcm pcid sse4_1 sse4_2 x2apic popcnt tsc_deadline_timer aes xsave avx f16c rdrand lahf_lm ida arat epb xsaveopt pln pts dtherm tpr_shadow vnmi flexpriority ept vpid fsgsbase smep erms
bogomips	: 4589.13
clflush size	: 64
cache_alignment	: 64
address sizes	: 36 bits physical, 48 bits virtual
power management:

processor	: 1
vendor_id	: GenuineIntel
cpu family	: 6
model		: 58
model name	: Intel(R) Core(TM) i7-3610QM CPU @ 2.30GHz
stepping	: 9
microcode	: 0x12
cpu MHz		: 3102.484
cache size	: 6144 KB
physical id	: 0
siblings	: 8
core id		: 1
cpu cores	: 4
apicid		: 2
initial apicid	: 2
fpu		: yes
fpu_exception	: yes
cpuid level	: 13
wp		: yes
flags		: fpu vme de pse tsc msr pae mce cx8 apic sep mtrr pge mca cmov pat pse36 clflush dts acpi mmx fxsr sse sse2 ss ht tm pbe syscall nx rdtscp lm constant_tsc arch_perfmon pebs bts rep_good nopl xtopology nonstop_tsc aperfmperf eagerfpu pni pclmulqdq dtes64 monitor ds_cpl vmx est tm2 ssse3 cx16 xtpr pdcm pcid sse4_1 sse4_2 x2apic popcnt tsc_deadline_timer aes xsave avx f16c rdrand lahf_lm ida arat epb xsaveopt pln pts dtherm tpr_shadow vnmi flexpriority ept vpid fsgsbase smep erms
bogomips	: 4589.13
clflush size	: 64
cache_alignment	: 64
address sizes	: 36 bits physical, 48 bits virtual
power management:

processor	: 2
vendor_id	: GenuineIntel
cpu family	: 6
model		: 58
model name	: Intel(R) Core(TM) i7-3610QM CPU @ 2.30GHz
stepping	: 9
microcode	: 0x12
cpu MHz		: 3099.968
cache size	: 6144 KB
physical id	: 0
siblings	: 8
core id		: 2
cpu cores	: 4
apicid		: 4
initial apicid	: 4
fpu		: yes
fpu_exception	: yes
cpuid level	: 13
wp		: yes
flags		: fpu vme de pse tsc msr pae mce cx8 apic sep mtrr pge mca cmov pat pse36 clflush dts acpi mmx fxsr sse sse2 ss ht tm pbe syscall nx rdtscp lm constant_tsc arch_perfmon pebs bts rep_good nopl xtopology nonstop_tsc aperfmperf eagerfpu pni pclmulqdq dtes64 monitor ds_cpl vmx est tm2 ssse3 cx16 xtpr pdcm pcid sse4_1 sse4_2 x2apic popcnt tsc_deadline_timer aes xsave avx f16c rdrand lahf_lm ida arat epb xsaveopt pln pts dtherm tpr_shadow vnmi flexpriority ept vpid fsgsbase smep erms
bogomips	: 4589.13
clflush size	: 64
cache_alignment	: 64
address sizes	: 36 bits physical, 48 bits virtual
power management:

processor	: 3
vendor_id	: GenuineIntel
cpu family	: 6
model		: 58
model name	: Intel(R) Core(TM) i7-3610QM CPU @ 2.30GHz
stepping	: 9
microcode	: 0x12
cpu MHz		: 3100.328
cache size	: 6144 KB
physical id	: 0
siblings	: 8
core id		: 3
cpu cores	: 4
apicid		: 6
initial apicid	: 6
fpu		: yes
fpu_exception	: yes
cpuid level	: 13
wp		: yes
flags		: fpu vme de pse tsc msr pae mce cx8 apic sep mtrr pge mca cmov pat pse36 clflush dts acpi mmx fxsr sse sse2 ss ht tm pbe syscall nx rdtscp lm constant_tsc arch_perfmon pebs bts rep_good nopl xtopology nonstop_tsc aperfmperf eagerfpu pni pclmulqdq dtes64 monitor ds_cpl vmx est tm2 ssse3 cx16 xtpr pdcm pcid sse4_1 sse4_2 x2apic popcnt tsc_deadline_timer aes xsave avx f16c rdrand lahf_lm ida arat epb xsaveopt pln pts dtherm tpr_shadow vnmi flexpriority ept vpid fsgsbase smep erms
bogomips	: 4589.13
clflush size	: 64
cache_alignment	: 64
address sizes	: 36 bits physical, 48 bits virtual
power management:

processor	: 4
vendor_id	: GenuineIntel
cpu family	: 6
model		: 58
model name	: Intel(R) Core(TM) i7-3610QM CPU @ 2.30GHz
stepping	: 9
microcode	: 0x12
cpu MHz		: 3100.058
cache size	: 6144 KB
physical id	: 0
siblings	: 8
core id		: 0
cpu cores	: 4
apicid		: 1
initial apicid	: 1
fpu		: yes
fpu_exception	: yes
cpuid level	: 13
wp		: yes
flags		: fpu vme de pse tsc msr pae mce cx8 apic sep mtrr pge mca cmov pat pse36 clflush dts acpi mmx fxsr sse sse2 ss ht tm pbe syscall nx rdtscp lm constant_tsc arch_perfmon pebs bts rep_good nopl xtopology nonstop_tsc aperfmperf eagerfpu pni pclmulqdq dtes64 monitor ds_cpl vmx est tm2 ssse3 cx16 xtpr pdcm pcid sse4_1 sse4_2 x2apic popcnt tsc_deadline_timer aes xsave avx f16c rdrand lahf_lm ida arat epb xsaveopt pln pts dtherm tpr_shadow vnmi flexpriority ept vpid fsgsbase smep erms
bogomips	: 4589.13
clflush size	: 64
cache_alignment	: 64
address sizes	: 36 bits physical, 48 bits virtual
power management:

processor	: 5
vendor_id	: GenuineIntel
cpu family	: 6
model		: 58
model name	: Intel(R) Core(TM) i7-3610QM CPU @ 2.30GHz
stepping	: 9
microcode	: 0x12
cpu MHz		: 3178.671
cache size	: 6144 KB
physical id	: 0
siblings	: 8
core id		: 1
cpu cores	: 4
apicid		: 3
initial apicid	: 3
fpu		: yes
fpu_exception	: yes
cpuid level	: 13
wp		: yes
flags		: fpu vme de pse tsc msr pae mce cx8 apic sep mtrr pge mca cmov pat pse36 clflush dts acpi mmx fxsr sse sse2 ss ht tm pbe syscall nx rdtscp lm constant_tsc arch_perfmon pebs bts rep_good nopl xtopology nonstop_tsc aperfmperf eagerfpu pni pclmulqdq dtes64 monitor ds_cpl vmx est tm2 ssse3 cx16 xtpr pdcm pcid sse4_1 sse4_2 x2apic popcnt tsc_deadline_timer aes xsave avx f16c rdrand lahf_lm ida arat epb xsaveopt pln pts dtherm tpr_shadow vnmi flexpriority ept vpid fsgsbase smep erms
bogomips	: 4589.13
clflush size	: 64
cache_alignment	: 64
address sizes	: 36 bits physical, 48 bits virtual
power management:

processor	: 6
vendor_id	: GenuineIntel
cpu family	: 6
model		: 58
model name	: Intel(R) Core(TM) i7-3610QM CPU @ 2.30GHz
stepping	: 9
microcode	: 0x12
cpu MHz		: 3100.328
cache size	: 6144 KB
physical id	: 0
siblings	: 8
core id		: 2
cpu cores	: 4
apicid		: 5
initial apicid	: 5
fpu		: yes
fpu_exception	: yes
cpuid level	: 13
wp		: yes
flags		: fpu vme de pse tsc msr pae mce cx8 apic sep mtrr pge mca cmov pat pse36 clflush dts acpi mmx fxsr sse sse2 ss ht tm pbe syscall nx rdtscp lm constant_tsc arch_perfmon pebs bts rep_good nopl xtopology nonstop_tsc aperfmperf eagerfpu pni pclmulqdq dtes64 monitor ds_cpl vmx est tm2 ssse3 cx16 xtpr pdcm pcid sse4_1 sse4_2 x2apic popcnt tsc_deadline_timer aes xsave avx f16c rdrand lahf_lm ida arat epb xsaveopt pln pts dtherm tpr_shadow vnmi flexpriority ept vpid fsgsbase smep erms
bogomips	: 4589.13
clflush size	: 64
cache_alignment	: 64
address sizes	: 36 bits physical, 48 bits virtual
power management:

processor	: 7
vendor_id	: GenuineIntel
cpu family	: 6
model		: 58
model name	: Intel(R) Core(TM) i7-3610QM CPU @ 2.30GHz
stepping	: 9
microcode	: 0x12
cpu MHz		: 3103.113
cache size	: 6144 KB
physical id	: 0
siblings	: 8
core id		: 3
cpu cores	: 4
apicid		: 7
initial apicid	: 7
fpu		: yes
fpu_exception	: yes
cpuid level	: 13
wp		: yes
flags		: fpu vme de pse tsc msr pae mce cx8 apic sep mtrr pge mca cmov pat pse36 clflush dts acpi mmx fxsr sse sse2 ss ht tm pbe syscall nx rdtscp lm constant_tsc arch_perfmon pebs bts rep_good nopl xtopology nonstop_tsc aperfmperf eagerfpu pni pclmulqdq dtes64 monitor ds_cpl vmx est tm2 ssse3 cx16 xtpr pdcm pcid sse4_1 sse4_2 x2apic popcnt tsc_deadline_timer aes xsave avx f16c rdrand lahf_lm ida arat epb xsaveopt pln pts dtherm tpr_shadow vnmi flexpriority ept vpid fsgsbase smep erms
bogomips	: 4589.13
clflush size	: 64
cache_alignment	: 64
address sizes	: 36 bits physical, 48 bits virtual
power management:



Memory: 4k page, physical 8059328k(2959496k free), swap 0k(0k free)

vm_info: OpenJDK 64-Bit Server VM (23.25-b01) for linux-amd64 JRE (1.6.0_35-b35), built on Apr 16 2015 09:29:37 by "buildd" with gcc 4.8.2

time: Mon Jun  1 23:28:39 2015
elapsed time: 204 seconds

